c:\users\arisa\desktop\io projekt\firstrpg\firstrpg\debug\vc120.pdb
c:\users\arisa\desktop\io projekt\firstrpg\firstrpg\debug\vc120.idb
c:\users\arisa\desktop\io projekt\firstrpg\firstrpg\debug\building.nativecodeanalysis.xml
c:\users\arisa\desktop\io projekt\firstrpg\firstrpg\debug\collisionrect.nativecodeanalysis.xml
c:\users\arisa\desktop\io projekt\firstrpg\firstrpg\debug\combat.nativecodeanalysis.xml
c:\users\arisa\desktop\io projekt\firstrpg\firstrpg\debug\crate.nativecodeanalysis.xml
c:\users\arisa\desktop\io projekt\firstrpg\firstrpg\debug\environment.nativecodeanalysis.xml
c:\users\arisa\desktop\io projekt\firstrpg\firstrpg\debug\eq.nativecodeanalysis.xml
c:\users\arisa\desktop\io projekt\firstrpg\firstrpg\debug\gamequit.nativecodeanalysis.xml
c:\users\arisa\desktop\io projekt\firstrpg\firstrpg\debug\item.nativecodeanalysis.xml
c:\users\arisa\desktop\io projekt\firstrpg\firstrpg\debug\mainmenu.nativecodeanalysis.xml
c:\users\arisa\desktop\io projekt\firstrpg\firstrpg\debug\monsters.nativecodeanalysis.xml
c:\users\arisa\desktop\io projekt\firstrpg\firstrpg\debug\radioactive.nativecodeanalysis.xml
c:\users\arisa\desktop\io projekt\firstrpg\firstrpg\debug\main.nativecodeanalysis.xml
c:\users\arisa\desktop\io projekt\firstrpg\firstrpg\debug\maincharacter.nativecodeanalysis.xml
c:\users\arisa\desktop\io projekt\firstrpg\firstrpg\debug\saver.nativecodeanalysis.xml
c:\users\arisa\desktop\io projekt\firstrpg\firstrpg\debug\sdl_setup.nativecodeanalysis.xml
c:\users\arisa\desktop\io projekt\firstrpg\firstrpg\debug\shop.nativecodeanalysis.xml
c:\users\arisa\desktop\io projekt\firstrpg\firstrpg\debug\sprite.nativecodeanalysis.xml
c:\users\arisa\desktop\io projekt\firstrpg\firstrpg\debug\tree.nativecodeanalysis.xml
c:\users\arisa\desktop\io projekt\firstrpg\firstrpg\debug\tree.obj
c:\users\arisa\desktop\io projekt\firstrpg\firstrpg\debug\sprite.obj
c:\users\arisa\desktop\io projekt\firstrpg\firstrpg\debug\shop.obj
c:\users\arisa\desktop\io projekt\firstrpg\firstrpg\debug\sdl_setup.obj
c:\users\arisa\desktop\io projekt\firstrpg\firstrpg\debug\saver.obj
c:\users\arisa\desktop\io projekt\firstrpg\firstrpg\debug\maincharacter.obj
c:\users\arisa\desktop\io projekt\firstrpg\firstrpg\debug\main.obj
c:\users\arisa\desktop\io projekt\firstrpg\firstrpg\debug\radioactive.obj
c:\users\arisa\desktop\io projekt\firstrpg\firstrpg\debug\monsters.obj
c:\users\arisa\desktop\io projekt\firstrpg\firstrpg\debug\mainmenu.obj
c:\users\arisa\desktop\io projekt\firstrpg\firstrpg\debug\item.obj
c:\users\arisa\desktop\io projekt\firstrpg\firstrpg\debug\gamequit.obj
c:\users\arisa\desktop\io projekt\firstrpg\firstrpg\debug\eq.obj
c:\users\arisa\desktop\io projekt\firstrpg\firstrpg\debug\environment.obj
c:\users\arisa\desktop\io projekt\firstrpg\firstrpg\debug\crate.obj
c:\users\arisa\desktop\io projekt\firstrpg\firstrpg\debug\combat.obj
c:\users\arisa\desktop\io projekt\firstrpg\firstrpg\debug\collisionrect.obj
c:\users\arisa\desktop\io projekt\firstrpg\firstrpg\debug\building.obj
c:\users\arisa\desktop\io projekt\firstrpg\debug\radioactive.ilk
c:\users\arisa\desktop\io projekt\firstrpg\debug\radioactive.exe
c:\users\arisa\desktop\io projekt\firstrpg\debug\radioactive.pdb
c:\users\arisa\desktop\io projekt\firstrpg\firstrpg\debug\radioactive.res
c:\users\arisa\desktop\io projekt\firstrpg\firstrpg\debug\nativecodeanalysis.read.1.tlog
c:\users\arisa\desktop\io projekt\firstrpg\firstrpg\debug\vc.nativecodeanalysis.all.xml
c:\users\arisa\desktop\io projekt\firstrpg\debug\radioactive.exe.lastcodeanalysissucceeded
c:\users\arisa\desktop\io projekt\firstrpg\firstrpg\debug\radioactive.tlog\cl.command.1.tlog
c:\users\arisa\desktop\io projekt\firstrpg\firstrpg\debug\radioactive.tlog\cl.read.1.tlog
c:\users\arisa\desktop\io projekt\firstrpg\firstrpg\debug\radioactive.tlog\cl.write.1.tlog
c:\users\arisa\desktop\io projekt\firstrpg\firstrpg\debug\radioactive.tlog\link.command.1.tlog
c:\users\arisa\desktop\io projekt\firstrpg\firstrpg\debug\radioactive.tlog\link.read.1.tlog
c:\users\arisa\desktop\io projekt\firstrpg\firstrpg\debug\radioactive.tlog\link.write.1.tlog
c:\users\arisa\desktop\io projekt\firstrpg\firstrpg\debug\radioactive.tlog\rc.command.1.tlog
c:\users\arisa\desktop\io projekt\firstrpg\firstrpg\debug\radioactive.tlog\rc.read.1.tlog
c:\users\arisa\desktop\io projekt\firstrpg\firstrpg\debug\radioactive.tlog\rc.write.1.tlog
